Determining if the pthread_kill exist failed with the following output:
Change Dir: /home/kevin/homework/build/CMakeFiles/CMakeTmp

Run Build Command(s):/usr/bin/make cmTC_3dd74/fast 
/usr/bin/make -f CMakeFiles/cmTC_3dd74.dir/build.make CMakeFiles/cmTC_3dd74.dir/build
make[1]: Entering directory '/home/kevin/homework/build/CMakeFiles/CMakeTmp'
Building C object CMakeFiles/cmTC_3dd74.dir/CheckSymbolExists.c.o
/usr/bin/cc    -o CMakeFiles/cmTC_3dd74.dir/CheckSymbolExists.c.o   -c /home/kevin/homework/build/CMakeFiles/CMakeTmp/CheckSymbolExists.c
/home/kevin/homework/build/CMakeFiles/CMakeTmp/CheckSymbolExists.c: In function ‘main’:
/home/kevin/homework/build/CMakeFiles/CMakeTmp/CheckSymbolExists.c:8:19: error: ‘pthread_kill’ undeclared (first use in this function)
   return ((int*)(&pthread_kill))[argc];
                   ^
/home/kevin/homework/build/CMakeFiles/CMakeTmp/CheckSymbolExists.c:8:19: note: each undeclared identifier is reported only once for each function it appears in
CMakeFiles/cmTC_3dd74.dir/build.make:65: recipe for target 'CMakeFiles/cmTC_3dd74.dir/CheckSymbolExists.c.o' failed
make[1]: *** [CMakeFiles/cmTC_3dd74.dir/CheckSymbolExists.c.o] Error 1
make[1]: Leaving directory '/home/kevin/homework/build/CMakeFiles/CMakeTmp'
Makefile:121: recipe for target 'cmTC_3dd74/fast' failed
make: *** [cmTC_3dd74/fast] Error 2

File /home/kevin/homework/build/CMakeFiles/CMakeTmp/CheckSymbolExists.c:
/* */
#include <pthread.h>

int main(int argc, char** argv)
{
  (void)argv;
#ifndef pthread_kill
  return ((int*)(&pthread_kill))[argc];
#else
  (void)argc;
  return 0;
#endif
}

Determining if the function pthread_create exists in the pthreads failed with the following output:
Change Dir: /home/kevin/homework/build/CMakeFiles/CMakeTmp

Run Build Command(s):/usr/bin/make cmTC_a8050/fast 
/usr/bin/make -f CMakeFiles/cmTC_a8050.dir/build.make CMakeFiles/cmTC_a8050.dir/build
make[1]: Entering directory '/home/kevin/homework/build/CMakeFiles/CMakeTmp'
Building C object CMakeFiles/cmTC_a8050.dir/CheckFunctionExists.c.o
/usr/bin/cc   -DCHECK_FUNCTION_EXISTS=pthread_create   -o CMakeFiles/cmTC_a8050.dir/CheckFunctionExists.c.o   -c /usr/local/share/cmake-3.14/Modules/CheckFunctionExists.c
Linking C executable cmTC_a8050
/usr/local/bin/cmake -E cmake_link_script CMakeFiles/cmTC_a8050.dir/link.txt --verbose=1
/usr/bin/cc  -DCHECK_FUNCTION_EXISTS=pthread_create    -rdynamic CMakeFiles/cmTC_a8050.dir/CheckFunctionExists.c.o  -o cmTC_a8050 -lpthreads 
/usr/bin/ld: cannot find -lpthreads
collect2: error: ld returned 1 exit status
CMakeFiles/cmTC_a8050.dir/build.make:86: recipe for target 'cmTC_a8050' failed
make[1]: *** [cmTC_a8050] Error 1
make[1]: Leaving directory '/home/kevin/homework/build/CMakeFiles/CMakeTmp'
Makefile:121: recipe for target 'cmTC_a8050/fast' failed
make: *** [cmTC_a8050/fast] Error 2


Determining if the pthread_create exist failed with the following output:
Change Dir: /home/robomaster/robomaster/homework/build/CMakeFiles/CMakeTmp

Run Build Command:"/usr/bin/make" "cmTC_aca66/fast"
/usr/bin/make -f CMakeFiles/cmTC_aca66.dir/build.make CMakeFiles/cmTC_aca66.dir/build
make[1]: Entering directory '/home/robomaster/robomaster/homework/build/CMakeFiles/CMakeTmp'
Building C object CMakeFiles/cmTC_aca66.dir/CheckSymbolExists.c.o
/usr/bin/cc     -o CMakeFiles/cmTC_aca66.dir/CheckSymbolExists.c.o   -c /home/robomaster/robomaster/homework/build/CMakeFiles/CMakeTmp/CheckSymbolExists.c
Linking C executable cmTC_aca66
/usr/bin/cmake -E cmake_link_script CMakeFiles/cmTC_aca66.dir/link.txt --verbose=1
/usr/bin/cc       CMakeFiles/cmTC_aca66.dir/CheckSymbolExists.c.o  -o cmTC_aca66 -rdynamic 
CMakeFiles/cmTC_aca66.dir/CheckSymbolExists.c.o: In function `main':
CheckSymbolExists.c:(.text+0x16): undefined reference to `pthread_create'
collect2: error: ld returned 1 exit status
CMakeFiles/cmTC_aca66.dir/build.make:97: recipe for target 'cmTC_aca66' failed
make[1]: *** [cmTC_aca66] Error 1
make[1]: Leaving directory '/home/robomaster/robomaster/homework/build/CMakeFiles/CMakeTmp'
Makefile:126: recipe for target 'cmTC_aca66/fast' failed
make: *** [cmTC_aca66/fast] Error 2

File /home/robomaster/robomaster/homework/build/CMakeFiles/CMakeTmp/CheckSymbolExists.c:
/* */
#include <pthread.h>

int main(int argc, char** argv)
{
  (void)argv;
#ifndef pthread_create
  return ((int*)(&pthread_create))[argc];
#else
  (void)argc;
  return 0;
#endif
}

Determining if the function pthread_create exists in the pthreads failed with the following output:
Change Dir: /home/robomaster/robomaster/homework/build/CMakeFiles/CMakeTmp

Run Build Command:"/usr/bin/make" "cmTC_64468/fast"
/usr/bin/make -f CMakeFiles/cmTC_64468.dir/build.make CMakeFiles/cmTC_64468.dir/build
make[1]: Entering directory '/home/robomaster/robomaster/homework/build/CMakeFiles/CMakeTmp'
Building C object CMakeFiles/cmTC_64468.dir/CheckFunctionExists.c.o
/usr/bin/cc    -DCHECK_FUNCTION_EXISTS=pthread_create   -o CMakeFiles/cmTC_64468.dir/CheckFunctionExists.c.o   -c /usr/share/cmake-3.5/Modules/CheckFunctionExists.c
Linking C executable cmTC_64468
/usr/bin/cmake -E cmake_link_script CMakeFiles/cmTC_64468.dir/link.txt --verbose=1
/usr/bin/cc   -DCHECK_FUNCTION_EXISTS=pthread_create    CMakeFiles/cmTC_64468.dir/CheckFunctionExists.c.o  -o cmTC_64468 -rdynamic -lpthreads 
/usr/bin/ld: cannot find -lpthreads
collect2: error: ld returned 1 exit status
CMakeFiles/cmTC_64468.dir/build.make:97: recipe for target 'cmTC_64468' failed
make[1]: *** [cmTC_64468] Error 1
make[1]: Leaving directory '/home/robomaster/robomaster/homework/build/CMakeFiles/CMakeTmp'
Makefile:126: recipe for target 'cmTC_64468/fast' failed
make: *** [cmTC_64468/fast] Error 2


