Determining if the pthread_create exist failed with the following output:
Change Dir: /home/robomaster/robomaster/sc_localization_ws/build_isolated/apriltag_ros/CMakeFiles/CMakeTmp

Run Build Command:"/usr/bin/make" "cmTC_bfcf7/fast"
/usr/bin/make -f CMakeFiles/cmTC_bfcf7.dir/build.make CMakeFiles/cmTC_bfcf7.dir/build
make[1]: Entering directory '/home/robomaster/robomaster/sc_localization_ws/build_isolated/apriltag_ros/CMakeFiles/CMakeTmp'
Building C object CMakeFiles/cmTC_bfcf7.dir/CheckSymbolExists.c.o
/usr/bin/cc     -o CMakeFiles/cmTC_bfcf7.dir/CheckSymbolExists.c.o   -c /home/robomaster/robomaster/sc_localization_ws/build_isolated/apriltag_ros/CMakeFiles/CMakeTmp/CheckSymbolExists.c
Linking C executable cmTC_bfcf7
/usr/bin/cmake -E cmake_link_script CMakeFiles/cmTC_bfcf7.dir/link.txt --verbose=1
/usr/bin/cc       CMakeFiles/cmTC_bfcf7.dir/CheckSymbolExists.c.o  -o cmTC_bfcf7 -rdynamic 
CMakeFiles/cmTC_bfcf7.dir/CheckSymbolExists.c.o: In function `main':
CheckSymbolExists.c:(.text+0x16): undefined reference to `pthread_create'
collect2: error: ld returned 1 exit status
CMakeFiles/cmTC_bfcf7.dir/build.make:97: recipe for target 'cmTC_bfcf7' failed
make[1]: *** [cmTC_bfcf7] Error 1
make[1]: Leaving directory '/home/robomaster/robomaster/sc_localization_ws/build_isolated/apriltag_ros/CMakeFiles/CMakeTmp'
Makefile:126: recipe for target 'cmTC_bfcf7/fast' failed
make: *** [cmTC_bfcf7/fast] Error 2

File /home/robomaster/robomaster/sc_localization_ws/build_isolated/apriltag_ros/CMakeFiles/CMakeTmp/CheckSymbolExists.c:
/* */
#include <pthread.h>

int main(int argc, char** argv)
{
  (void)argv;
#ifndef pthread_create
  return ((int*)(&pthread_create))[argc];
#else
  (void)argc;
  return 0;
#endif
}

Determining if the function pthread_create exists in the pthreads failed with the following output:
Change Dir: /home/robomaster/robomaster/sc_localization_ws/build_isolated/apriltag_ros/CMakeFiles/CMakeTmp

Run Build Command:"/usr/bin/make" "cmTC_7e601/fast"
/usr/bin/make -f CMakeFiles/cmTC_7e601.dir/build.make CMakeFiles/cmTC_7e601.dir/build
make[1]: Entering directory '/home/robomaster/robomaster/sc_localization_ws/build_isolated/apriltag_ros/CMakeFiles/CMakeTmp'
Building C object CMakeFiles/cmTC_7e601.dir/CheckFunctionExists.c.o
/usr/bin/cc    -DCHECK_FUNCTION_EXISTS=pthread_create   -o CMakeFiles/cmTC_7e601.dir/CheckFunctionExists.c.o   -c /usr/share/cmake-3.5/Modules/CheckFunctionExists.c
Linking C executable cmTC_7e601
/usr/bin/cmake -E cmake_link_script CMakeFiles/cmTC_7e601.dir/link.txt --verbose=1
/usr/bin/cc   -DCHECK_FUNCTION_EXISTS=pthread_create    CMakeFiles/cmTC_7e601.dir/CheckFunctionExists.c.o  -o cmTC_7e601 -rdynamic -lpthreads 
/usr/bin/ld: cannot find -lpthreads
collect2: error: ld returned 1 exit status
CMakeFiles/cmTC_7e601.dir/build.make:97: recipe for target 'cmTC_7e601' failed
make[1]: *** [cmTC_7e601] Error 1
make[1]: Leaving directory '/home/robomaster/robomaster/sc_localization_ws/build_isolated/apriltag_ros/CMakeFiles/CMakeTmp'
Makefile:126: recipe for target 'cmTC_7e601/fast' failed
make: *** [cmTC_7e601/fast] Error 2


