Determining if the pthread_create exist failed with the following output:
Change Dir: /home/robomaster/robomaster/sc_code/build/CMakeFiles/CMakeTmp

Run Build Command:"/usr/bin/make" "cmTC_edd7e/fast"
/usr/bin/make -f CMakeFiles/cmTC_edd7e.dir/build.make CMakeFiles/cmTC_edd7e.dir/build
make[1]: Entering directory '/home/robomaster/robomaster/sc_code/build/CMakeFiles/CMakeTmp'
Building C object CMakeFiles/cmTC_edd7e.dir/CheckSymbolExists.c.o
/usr/bin/cc     -o CMakeFiles/cmTC_edd7e.dir/CheckSymbolExists.c.o   -c /home/robomaster/robomaster/sc_code/build/CMakeFiles/CMakeTmp/CheckSymbolExists.c
Linking C executable cmTC_edd7e
/usr/bin/cmake -E cmake_link_script CMakeFiles/cmTC_edd7e.dir/link.txt --verbose=1
/usr/bin/cc       CMakeFiles/cmTC_edd7e.dir/CheckSymbolExists.c.o  -o cmTC_edd7e -rdynamic 
CMakeFiles/cmTC_edd7e.dir/CheckSymbolExists.c.o: In function `main':
CheckSymbolExists.c:(.text+0x16): undefined reference to `pthread_create'
collect2: error: ld returned 1 exit status
CMakeFiles/cmTC_edd7e.dir/build.make:97: recipe for target 'cmTC_edd7e' failed
make[1]: *** [cmTC_edd7e] Error 1
make[1]: Leaving directory '/home/robomaster/robomaster/sc_code/build/CMakeFiles/CMakeTmp'
Makefile:126: recipe for target 'cmTC_edd7e/fast' failed
make: *** [cmTC_edd7e/fast] Error 2

File /home/robomaster/robomaster/sc_code/build/CMakeFiles/CMakeTmp/CheckSymbolExists.c:
/* */
#include <pthread.h>

int main(int argc, char** argv)
{
  (void)argv;
#ifndef pthread_create
  return ((int*)(&pthread_create))[argc];
#else
  (void)argc;
  return 0;
#endif
}

Determining if the function pthread_create exists in the pthreads failed with the following output:
Change Dir: /home/robomaster/robomaster/sc_code/build/CMakeFiles/CMakeTmp

Run Build Command:"/usr/bin/make" "cmTC_f16be/fast"
/usr/bin/make -f CMakeFiles/cmTC_f16be.dir/build.make CMakeFiles/cmTC_f16be.dir/build
make[1]: Entering directory '/home/robomaster/robomaster/sc_code/build/CMakeFiles/CMakeTmp'
Building C object CMakeFiles/cmTC_f16be.dir/CheckFunctionExists.c.o
/usr/bin/cc    -DCHECK_FUNCTION_EXISTS=pthread_create   -o CMakeFiles/cmTC_f16be.dir/CheckFunctionExists.c.o   -c /usr/share/cmake-3.5/Modules/CheckFunctionExists.c
Linking C executable cmTC_f16be
/usr/bin/cmake -E cmake_link_script CMakeFiles/cmTC_f16be.dir/link.txt --verbose=1
/usr/bin/cc   -DCHECK_FUNCTION_EXISTS=pthread_create    CMakeFiles/cmTC_f16be.dir/CheckFunctionExists.c.o  -o cmTC_f16be -rdynamic -lpthreads 
/usr/bin/ld: cannot find -lpthreads
collect2: error: ld returned 1 exit status
CMakeFiles/cmTC_f16be.dir/build.make:97: recipe for target 'cmTC_f16be' failed
make[1]: *** [cmTC_f16be] Error 1
make[1]: Leaving directory '/home/robomaster/robomaster/sc_code/build/CMakeFiles/CMakeTmp'
Makefile:126: recipe for target 'cmTC_f16be/fast' failed
make: *** [cmTC_f16be/fast] Error 2


